Build started 5/7/2020 7:47:18 PM.
     1>Project "C:\Users\Jose\Desktop\embree-rendering\embree-minimal\embree-minimal.vcxproj" on node 2 (Build target(s)).
     1>ClCompile:
         C:\Program Files (x86)\Microsoft Visual Studio 12.0\VC\bin\x86_amd64\CL.exe /c /I"C:\Users\Jose\Desktop\Setiembre19\Embree\embree-rendering\embree-minimal\glm" /Zi /nologo /W3 /WX- /sdl /O2 /Oi /GL /D _MBCS /Gm- /EHsc /MD /GS /Gy /fp:precise /Zc:wchar_t /Zc:forScope /openmp /Fo"x64\Release\\" /Fd"x64\Release\vc120.pdb" /Gd /TP /errorReport:prompt main.cpp
         main.cpp
     1>c:\users\jose\desktop\embree-rendering\embree-minimal\beckers.h(9): warning C4305: 'initializing' : truncation from 'double' to 'float'
     1>c:\users\jose\desktop\embree-rendering\embree-minimal\beckers.h(19): warning C4244: '=' : conversion from 'double' to 'float', possible loss of data
     1>c:\users\jose\desktop\embree-rendering\embree-minimal\beckers.h(23): warning C4244: 'argument' : conversion from 'int' to 'float', possible loss of data
     1>c:\users\jose\desktop\embree-rendering\embree-minimal\beckers.h(31): warning C4244: 'argument' : conversion from 'int' to 'float', possible loss of data
     1>c:\users\jose\desktop\embree-rendering\embree-minimal\beckers.h(39): warning C4244: 'initializing' : conversion from 'double' to 'float', possible loss of data
     1>c:\users\jose\desktop\embree-rendering\embree-minimal\emissivity.h(1): warning C4305: 'initializing' : truncation from 'double' to 'float'
     1>c:\users\jose\desktop\embree-rendering\embree-minimal\emissivity.h(3): warning C4305: 'initializing' : truncation from 'double' to 'float'
     1>c:\users\jose\desktop\embree-rendering\embree-minimal\emissivity.h(5): warning C4305: 'initializing' : truncation from 'double' to 'float'
     1>c:\users\jose\desktop\embree-rendering\embree-minimal\emissivity.h(7): warning C4305: 'initializing' : truncation from 'double' to 'float'
     1>c:\users\jose\desktop\embree-rendering\embree-minimal\emissivity.h(9): warning C4305: 'initializing' : truncation from 'double' to 'float'
     1>c:\users\jose\desktop\embree-rendering\embree-minimal\emissivity.h(11): warning C4305: 'initializing' : truncation from 'double' to 'float'
     1>c:\users\jose\desktop\embree-rendering\embree-minimal\emissivity.h(13): warning C4305: 'initializing' : truncation from 'double' to 'float'
     1>c:\users\jose\desktop\embree-rendering\embree-minimal\colormap.h(43): warning C4244: 'initializing' : conversion from 'double' to 'float', possible loss of data
     1>c:\users\jose\desktop\embree-rendering\embree-minimal\colormap.h(50): warning C4244: 'initializing' : conversion from 'float' to 'int', possible loss of data
     1>c:\users\jose\desktop\embree-rendering\embree-minimal\colormap.h(56): warning C4244: 'initializing' : conversion from 'double' to 'float', possible loss of data
     1>c:\users\jose\desktop\embree-rendering\embree-minimal\colormap.h(63): warning C4244: 'initializing' : conversion from 'float' to 'int', possible loss of data
     1>c:\users\jose\desktop\embree-rendering\embree-minimal\EmbreeUtils.h(92): warning C4267: '=' : conversion from 'size_t' to 'int', possible loss of data
     1>c:\users\jose\desktop\embree-rendering\embree-minimal\materialLoader.h(36): warning C4244: 'initializing' : conversion from 'double' to 'float', possible loss of data
     1>c:\users\jose\desktop\embree-rendering\embree-minimal\materialLoader.h(38): warning C4244: 'argument' : conversion from 'int' to 'float', possible loss of data
     1>c:\users\jose\desktop\embree-rendering\embree-minimal\materialLoader.h(38): warning C4244: 'initializing' : conversion from 'double' to 'float', possible loss of data
     1>c:\users\jose\desktop\embree-rendering\embree-minimal\materialLoader.h(39): warning C4244: 'initializing' : conversion from 'double' to 'float', possible loss of data
     1>main.cpp(60): warning C4305: 'initializing' : truncation from 'double' to 'const float'
     1>main.cpp(68): warning C4273: 'omp_get_thread_num' : inconsistent dll linkage
                 C:\Program Files (x86)\Microsoft Visual Studio 12.0\VC\include\omp.h(56) : see previous definition of 'omp_get_thread_num'
     1>main.cpp(102): warning C4244: '=' : conversion from 'float' to 'unsigned int', possible loss of data
     1>main.cpp(126): warning C4244: 'initializing' : conversion from 'double' to 'float', possible loss of data
     1>main.cpp(128): warning C4244: 'initializing' : conversion from 'float' to 'int', possible loss of data
     1>main.cpp(129): warning C4244: 'initializing' : conversion from 'float' to 'int', possible loss of data
     1>main.cpp(151): warning C4244: 'initializing' : conversion from 'double' to 'float', possible loss of data
     1>main.cpp(152): warning C4244: 'initializing' : conversion from 'double' to 'float', possible loss of data
     1>main.cpp(168): warning C4244: 'return' : conversion from 'double' to 'float', possible loss of data
     1>main.cpp(181): warning C4244: 'initializing' : conversion from 'double' to 'float', possible loss of data
     1>main.cpp(198): warning C4244: 'initializing' : conversion from 'double' to 'float', possible loss of data
     1>main.cpp(204): warning C4244: 'initializing' : conversion from 'double' to 'const int', possible loss of data
     1>main.cpp(237): warning C4244: 'initializing' : conversion from 'double' to 'float', possible loss of data
     1>main.cpp(238): warning C4244: 'initializing' : conversion from 'double' to 'float', possible loss of data
     1>main.cpp(242): warning C4244: 'initializing' : conversion from 'double' to 'float', possible loss of data
     1>main.cpp(243): warning C4244: 'initializing' : conversion from 'double' to 'float', possible loss of data
     1>main.cpp(300): warning C4244: 'initializing' : conversion from 'double' to 'float', possible loss of data
     1>main.cpp(310): warning C4244: 'initializing' : conversion from 'double' to 'float', possible loss of data
     1>main.cpp(312): warning C4244: 'initializing' : conversion from 'double' to 'int', possible loss of data
     1>main.cpp(340): warning C4244: 'initializing' : conversion from 'float' to 'int', possible loss of data
     1>main.cpp(341): warning C4244: 'initializing' : conversion from 'float' to 'int', possible loss of data
     1>main.cpp(348): warning C4244: 'initializing' : conversion from 'double' to 'float', possible loss of data
     1>main.cpp(349): warning C4244: '=' : conversion from 'double' to 'float', possible loss of data
       Link:
         C:\Program Files (x86)\Microsoft Visual Studio 12.0\VC\bin\x86_amd64\link.exe /ERRORREPORT:PROMPT /OUT:"C:\Users\Jose\Desktop\embree-rendering\x64\Release\embree-minimal.exe" /NOLOGO /LIBPATH:"C:\Users\Jose\Desktop\embree-rendering\embree-minimal\lib" /LIBPATH:"C:\Users\Jose\Desktop\embree-rendering\embree-minimal\lib\embree-3.5.2\lib" /LIBPATH:D:\Matlab\extern\lib\win64\microsoft embree3.lib kernel32.lib user32.lib gdi32.lib winspool.lib comdlg32.lib advapi32.lib shell32.lib ole32.lib oleaut32.lib uuid.lib odbc32.lib odbccp32.lib libmex.lib libmx.lib libmwlapack.lib libmat.lib FreeImage.lib kernel32.lib user32.lib gdi32.lib winspool.lib comdlg32.lib advapi32.lib shell32.lib ole32.lib oleaut32.lib uuid.lib odbc32.lib odbccp32.lib /MANIFEST /MANIFESTUAC:"level='asInvoker' uiAccess='false'" /manifest:embed /PDB:"C:\Users\Jose\Desktop\embree-rendering\x64\Release\embree-minimal.pdb" /OPT:REF /OPT:ICF /LTCG /TLBID:1 /DYNAMICBASE /NXCOMPAT /IMPLIB:"C:\Users\Jose\Desktop\embree-rendering\x64\Release\embree-minimal.lib" /MACHINE:X64 x64\Release\ac3d.obj
         x64\Release\main.obj
         Generating code
         Finished generating code
         embree-minimal.vcxproj -> C:\Users\Jose\Desktop\embree-rendering\x64\Release\embree-minimal.exe
     1>Done Building Project "C:\Users\Jose\Desktop\embree-rendering\embree-minimal\embree-minimal.vcxproj" (Build target(s)).

Build succeeded.

Time Elapsed 00:00:01.99
